name: train
run_id: install_deps
env HOME: /home/ubuntu
env LANG: C.UTF-8
env TERM: xterm-256color
env PATH: /home/ubuntu/MIAD_DSA_rotacion_cultivos/Empaquetamiento/.tox/test_package/bin:/home/ubuntu/.local/bin:/usr/local/sbin:/usr/local/bin:/usr/sbin:/usr/bin:/sbin:/bin:/usr/games:/usr/local/games:/snap/bin
env PIP_DISABLE_PIP_VERSION_CHECK: 1
env PYTHONIOENCODING: utf-8
env PYTHONPATH: .
env PYTHONHASHSEED: 0
env TOX_ENV_NAME: train
env TOX_WORK_DIR: /home/ubuntu/MIAD_DSA_rotacion_cultivos/Empaquetamiento/.tox
env TOX_ENV_DIR: /home/ubuntu/MIAD_DSA_rotacion_cultivos/Empaquetamiento/.tox/test_package
env VIRTUAL_ENV: /home/ubuntu/MIAD_DSA_rotacion_cultivos/Empaquetamiento/.tox/test_package
env COLUMNS: 193
env LINES: 23
metadata pid: 61673
cwd: /home/ubuntu/MIAD_DSA_rotacion_cultivos/Empaquetamiento
allow: /home/ubuntu/MIAD_DSA_rotacion_cultivos/Empaquetamiento/.tox/test_package/bin/*:train
cmd: pip install -r /home/ubuntu/MIAD_DSA_rotacion_cultivos/Empaquetamiento/requirements/test_requirements.txt
exit_code: 0
Collecting numpy<2.0.0,>=1.23.0 (from -r /home/ubuntu/MIAD_DSA_rotacion_cultivos/Empaquetamiento/requirements/requirements.txt (line 4))
  Using cached numpy-1.26.2-cp310-cp310-manylinux_2_17_x86_64.manylinux2014_x86_64.whl.metadata (61 kB)
Collecting pandas<3.0.0,>=2.0.0 (from -r /home/ubuntu/MIAD_DSA_rotacion_cultivos/Empaquetamiento/requirements/requirements.txt (line 5))
  Using cached pandas-2.1.3-cp310-cp310-manylinux_2_17_x86_64.manylinux2014_x86_64.whl.metadata (18 kB)
Collecting scikit-learn<2.0.0,>=1.3.2 (from -r /home/ubuntu/MIAD_DSA_rotacion_cultivos/Empaquetamiento/requirements/requirements.txt (line 6))
  Using cached scikit_learn-1.3.2-cp310-cp310-manylinux_2_17_x86_64.manylinux2014_x86_64.whl.metadata (11 kB)
Collecting joblib<2.0.0,>=1.1.0 (from -r /home/ubuntu/MIAD_DSA_rotacion_cultivos/Empaquetamiento/requirements/requirements.txt (line 7))
  Using cached joblib-1.3.2-py3-none-any.whl.metadata (5.4 kB)
Collecting pydantic<3.0.0,>=2.0.0 (from -r /home/ubuntu/MIAD_DSA_rotacion_cultivos/Empaquetamiento/requirements/requirements.txt (line 8))
  Using cached pydantic-2.5.2-py3-none-any.whl.metadata (65 kB)
Collecting strictyaml<2.0.0,>=1.7.0 (from -r /home/ubuntu/MIAD_DSA_rotacion_cultivos/Empaquetamiento/requirements/requirements.txt (line 9))
  Using cached strictyaml-1.7.3-py3-none-any.whl (123 kB)
Collecting feature-engine<2.0.0,>=1.6.1 (from -r /home/ubuntu/MIAD_DSA_rotacion_cultivos/Empaquetamiento/requirements/requirements.txt (line 10))
  Using cached feature_engine-1.6.2-py2.py3-none-any.whl.metadata (8.8 kB)
Collecting geopandas<1.0.0,>=0.14.0 (from -r /home/ubuntu/MIAD_DSA_rotacion_cultivos/Empaquetamiento/requirements/requirements.txt (line 11))
  Using cached geopandas-0.14.1-py3-none-any.whl.metadata (1.5 kB)
Collecting pytest<8.0.0,>=7.4.2 (from -r /home/ubuntu/MIAD_DSA_rotacion_cultivos/Empaquetamiento/requirements/test_requirements.txt (line 4))
  Using cached pytest-7.4.3-py3-none-any.whl.metadata (7.9 kB)
Collecting python-dateutil>=2.8.2 (from pandas<3.0.0,>=2.0.0->-r /home/ubuntu/MIAD_DSA_rotacion_cultivos/Empaquetamiento/requirements/requirements.txt (line 5))
  Using cached python_dateutil-2.8.2-py2.py3-none-any.whl (247 kB)
Collecting pytz>=2020.1 (from pandas<3.0.0,>=2.0.0->-r /home/ubuntu/MIAD_DSA_rotacion_cultivos/Empaquetamiento/requirements/requirements.txt (line 5))
  Using cached pytz-2023.3.post1-py2.py3-none-any.whl.metadata (22 kB)
Collecting tzdata>=2022.1 (from pandas<3.0.0,>=2.0.0->-r /home/ubuntu/MIAD_DSA_rotacion_cultivos/Empaquetamiento/requirements/requirements.txt (line 5))
  Using cached tzdata-2023.3-py2.py3-none-any.whl (341 kB)
Collecting scipy>=1.5.0 (from scikit-learn<2.0.0,>=1.3.2->-r /home/ubuntu/MIAD_DSA_rotacion_cultivos/Empaquetamiento/requirements/requirements.txt (line 6))
  Using cached scipy-1.11.4-cp310-cp310-manylinux_2_17_x86_64.manylinux2014_x86_64.whl.metadata (60 kB)
Collecting threadpoolctl>=2.0.0 (from scikit-learn<2.0.0,>=1.3.2->-r /home/ubuntu/MIAD_DSA_rotacion_cultivos/Empaquetamiento/requirements/requirements.txt (line 6))
  Using cached threadpoolctl-3.2.0-py3-none-any.whl.metadata (10.0 kB)
Collecting annotated-types>=0.4.0 (from pydantic<3.0.0,>=2.0.0->-r /home/ubuntu/MIAD_DSA_rotacion_cultivos/Empaquetamiento/requirements/requirements.txt (line 8))
  Using cached annotated_types-0.6.0-py3-none-any.whl.metadata (12 kB)
Collecting pydantic-core==2.14.5 (from pydantic<3.0.0,>=2.0.0->-r /home/ubuntu/MIAD_DSA_rotacion_cultivos/Empaquetamiento/requirements/requirements.txt (line 8))
  Using cached pydantic_core-2.14.5-cp310-cp310-manylinux_2_17_x86_64.manylinux2014_x86_64.whl.metadata (6.5 kB)
Collecting typing-extensions>=4.6.1 (from pydantic<3.0.0,>=2.0.0->-r /home/ubuntu/MIAD_DSA_rotacion_cultivos/Empaquetamiento/requirements/requirements.txt (line 8))
  Using cached typing_extensions-4.8.0-py3-none-any.whl.metadata (3.0 kB)
Collecting statsmodels>=0.11.1 (from feature-engine<2.0.0,>=1.6.1->-r /home/ubuntu/MIAD_DSA_rotacion_cultivos/Empaquetamiento/requirements/requirements.txt (line 10))
  Using cached statsmodels-0.14.0-cp310-cp310-manylinux_2_17_x86_64.manylinux2014_x86_64.whl (10.1 MB)
Collecting fiona>=1.8.21 (from geopandas<1.0.0,>=0.14.0->-r /home/ubuntu/MIAD_DSA_rotacion_cultivos/Empaquetamiento/requirements/requirements.txt (line 11))
  Using cached fiona-1.9.5-cp310-cp310-manylinux2014_x86_64.whl.metadata (49 kB)
Collecting packaging (from geopandas<1.0.0,>=0.14.0->-r /home/ubuntu/MIAD_DSA_rotacion_cultivos/Empaquetamiento/requirements/requirements.txt (line 11))
  Using cached packaging-23.2-py3-none-any.whl.metadata (3.2 kB)
Collecting pyproj>=3.3.0 (from geopandas<1.0.0,>=0.14.0->-r /home/ubuntu/MIAD_DSA_rotacion_cultivos/Empaquetamiento/requirements/requirements.txt (line 11))
  Using cached pyproj-3.6.1-cp310-cp310-manylinux_2_17_x86_64.manylinux2014_x86_64.whl.metadata (31 kB)
Collecting shapely>=1.8.0 (from geopandas<1.0.0,>=0.14.0->-r /home/ubuntu/MIAD_DSA_rotacion_cultivos/Empaquetamiento/requirements/requirements.txt (line 11))
  Using cached shapely-2.0.2-cp310-cp310-manylinux_2_17_x86_64.manylinux2014_x86_64.whl.metadata (7.0 kB)
Collecting iniconfig (from pytest<8.0.0,>=7.4.2->-r /home/ubuntu/MIAD_DSA_rotacion_cultivos/Empaquetamiento/requirements/test_requirements.txt (line 4))
  Using cached iniconfig-2.0.0-py3-none-any.whl (5.9 kB)
Collecting pluggy<2.0,>=0.12 (from pytest<8.0.0,>=7.4.2->-r /home/ubuntu/MIAD_DSA_rotacion_cultivos/Empaquetamiento/requirements/test_requirements.txt (line 4))
  Using cached pluggy-1.3.0-py3-none-any.whl.metadata (4.3 kB)
Collecting exceptiongroup>=1.0.0rc8 (from pytest<8.0.0,>=7.4.2->-r /home/ubuntu/MIAD_DSA_rotacion_cultivos/Empaquetamiento/requirements/test_requirements.txt (line 4))
  Using cached exceptiongroup-1.2.0-py3-none-any.whl.metadata (6.6 kB)
Collecting tomli>=1.0.0 (from pytest<8.0.0,>=7.4.2->-r /home/ubuntu/MIAD_DSA_rotacion_cultivos/Empaquetamiento/requirements/test_requirements.txt (line 4))
  Using cached tomli-2.0.1-py3-none-any.whl (12 kB)
Collecting attrs>=19.2.0 (from fiona>=1.8.21->geopandas<1.0.0,>=0.14.0->-r /home/ubuntu/MIAD_DSA_rotacion_cultivos/Empaquetamiento/requirements/requirements.txt (line 11))
  Using cached attrs-23.1.0-py3-none-any.whl (61 kB)
Collecting certifi (from fiona>=1.8.21->geopandas<1.0.0,>=0.14.0->-r /home/ubuntu/MIAD_DSA_rotacion_cultivos/Empaquetamiento/requirements/requirements.txt (line 11))
  Using cached certifi-2023.11.17-py3-none-any.whl.metadata (2.2 kB)
Collecting click~=8.0 (from fiona>=1.8.21->geopandas<1.0.0,>=0.14.0->-r /home/ubuntu/MIAD_DSA_rotacion_cultivos/Empaquetamiento/requirements/requirements.txt (line 11))
  Using cached click-8.1.7-py3-none-any.whl.metadata (3.0 kB)
Collecting click-plugins>=1.0 (from fiona>=1.8.21->geopandas<1.0.0,>=0.14.0->-r /home/ubuntu/MIAD_DSA_rotacion_cultivos/Empaquetamiento/requirements/requirements.txt (line 11))
  Using cached click_plugins-1.1.1-py2.py3-none-any.whl (7.5 kB)
Collecting cligj>=0.5 (from fiona>=1.8.21->geopandas<1.0.0,>=0.14.0->-r /home/ubuntu/MIAD_DSA_rotacion_cultivos/Empaquetamiento/requirements/requirements.txt (line 11))
  Using cached cligj-0.7.2-py3-none-any.whl (7.1 kB)
Collecting six (from fiona>=1.8.21->geopandas<1.0.0,>=0.14.0->-r /home/ubuntu/MIAD_DSA_rotacion_cultivos/Empaquetamiento/requirements/requirements.txt (line 11))
  Using cached six-1.16.0-py2.py3-none-any.whl (11 kB)
Requirement already satisfied: setuptools in ./.tox/test_package/lib/python3.10/site-packages (from fiona>=1.8.21->geopandas<1.0.0,>=0.14.0->-r /home/ubuntu/MIAD_DSA_rotacion_cultivos/Empaquetamiento/requirements/requirements.txt (line 11)) (68.2.2)
Collecting patsy>=0.5.2 (from statsmodels>=0.11.1->feature-engine<2.0.0,>=1.6.1->-r /home/ubuntu/MIAD_DSA_rotacion_cultivos/Empaquetamiento/requirements/requirements.txt (line 10))
  Using cached patsy-0.5.3-py2.py3-none-any.whl (233 kB)
Using cached numpy-1.26.2-cp310-cp310-manylinux_2_17_x86_64.manylinux2014_x86_64.whl (18.2 MB)
Using cached pandas-2.1.3-cp310-cp310-manylinux_2_17_x86_64.manylinux2014_x86_64.whl (12.3 MB)
Using cached scikit_learn-1.3.2-cp310-cp310-manylinux_2_17_x86_64.manylinux2014_x86_64.whl (10.8 MB)
Using cached joblib-1.3.2-py3-none-any.whl (302 kB)
Using cached pydantic-2.5.2-py3-none-any.whl (381 kB)
Using cached pydantic_core-2.14.5-cp310-cp310-manylinux_2_17_x86_64.manylinux2014_x86_64.whl (2.1 MB)
Using cached feature_engine-1.6.2-py2.py3-none-any.whl (328 kB)
Using cached geopandas-0.14.1-py3-none-any.whl (1.1 MB)
Using cached pytest-7.4.3-py3-none-any.whl (325 kB)
Using cached annotated_types-0.6.0-py3-none-any.whl (12 kB)
Using cached exceptiongroup-1.2.0-py3-none-any.whl (16 kB)
Using cached fiona-1.9.5-cp310-cp310-manylinux2014_x86_64.whl (15.7 MB)
Using cached pluggy-1.3.0-py3-none-any.whl (18 kB)
Using cached pyproj-3.6.1-cp310-cp310-manylinux_2_17_x86_64.manylinux2014_x86_64.whl (8.3 MB)
Using cached pytz-2023.3.post1-py2.py3-none-any.whl (502 kB)
Using cached scipy-1.11.4-cp310-cp310-manylinux_2_17_x86_64.manylinux2014_x86_64.whl (36.4 MB)
Using cached shapely-2.0.2-cp310-cp310-manylinux_2_17_x86_64.manylinux2014_x86_64.whl (2.5 MB)
Using cached packaging-23.2-py3-none-any.whl (53 kB)
Using cached threadpoolctl-3.2.0-py3-none-any.whl (15 kB)
Using cached typing_extensions-4.8.0-py3-none-any.whl (31 kB)
Using cached click-8.1.7-py3-none-any.whl (97 kB)
Using cached certifi-2023.11.17-py3-none-any.whl (162 kB)
Installing collected packages: pytz, tzdata, typing-extensions, tomli, threadpoolctl, six, pluggy, packaging, numpy, joblib, iniconfig, exceptiongroup, click, certifi, attrs, annotated-types, shapely, scipy, python-dateutil, pytest, pyproj, pydantic-core, patsy, cligj, click-plugins, strictyaml, scikit-learn, pydantic, pandas, fiona, statsmodels, geopandas, feature-engine
Successfully installed annotated-types-0.6.0 attrs-23.1.0 certifi-2023.11.17 click-8.1.7 click-plugins-1.1.1 cligj-0.7.2 exceptiongroup-1.2.0 feature-engine-1.6.2 fiona-1.9.5 geopandas-0.14.1 iniconfig-2.0.0 joblib-1.3.2 numpy-1.26.2 packaging-23.2 pandas-2.1.3 patsy-0.5.3 pluggy-1.3.0 pydantic-2.5.2 pydantic-core-2.14.5 pyproj-3.6.1 pytest-7.4.3 python-dateutil-2.8.2 pytz-2023.3.post1 scikit-learn-1.3.2 scipy-1.11.4 shapely-2.0.2 six-1.16.0 statsmodels-0.14.0 strictyaml-1.7.3 threadpoolctl-3.2.0 tomli-2.0.1 typing-extensions-4.8.0 tzdata-2023.3
