name: train
run_id: install_deps
env HOME: /home/ubuntu
env LANG: C.UTF-8
env TERM: xterm-256color
env PATH: /home/ubuntu/MIAD_DSA_rotacion_cultivos/Empaquetamiento2/.tox/test_package/bin:/home/ubuntu/.local/bin:/usr/local/sbin:/usr/local/bin:/usr/sbin:/usr/bin:/sbin:/bin:/usr/games:/usr/local/games:/snap/bin
env PIP_DISABLE_PIP_VERSION_CHECK: 1
env PYTHONIOENCODING: utf-8
env PYTHONPATH: .
env PYTHONHASHSEED: 0
env TOX_ENV_NAME: train
env TOX_WORK_DIR: /home/ubuntu/MIAD_DSA_rotacion_cultivos/Empaquetamiento2/.tox
env TOX_ENV_DIR: /home/ubuntu/MIAD_DSA_rotacion_cultivos/Empaquetamiento2/.tox/test_package
env VIRTUAL_ENV: /home/ubuntu/MIAD_DSA_rotacion_cultivos/Empaquetamiento2/.tox/test_package
env COLUMNS: 111
env LINES: 19
metadata pid: 2137
cwd: /home/ubuntu/MIAD_DSA_rotacion_cultivos/Empaquetamiento2
allow: /home/ubuntu/MIAD_DSA_rotacion_cultivos/Empaquetamiento2/.tox/test_package/bin/*:train
cmd: pip install -r /home/ubuntu/MIAD_DSA_rotacion_cultivos/Empaquetamiento2/requirements/test_requirements.txt
exit_code: 0
Collecting numpy<2.0.0,>=1.23.0 (from -r /home/ubuntu/MIAD_DSA_rotacion_cultivos/Empaquetamiento2/requirements/requirements.txt (line 4))
  Using cached numpy-1.26.2-cp310-cp310-manylinux_2_17_x86_64.manylinux2014_x86_64.whl.metadata (61 kB)
Collecting pandas<3.0.0,>=2.0.0 (from -r /home/ubuntu/MIAD_DSA_rotacion_cultivos/Empaquetamiento2/requirements/requirements.txt (line 5))
  Using cached pandas-2.1.3-cp310-cp310-manylinux_2_17_x86_64.manylinux2014_x86_64.whl.metadata (18 kB)
Collecting scikit-learn<2.0.0,>=1.3.2 (from -r /home/ubuntu/MIAD_DSA_rotacion_cultivos/Empaquetamiento2/requirements/requirements.txt (line 6))
  Using cached scikit_learn-1.3.2-cp310-cp310-manylinux_2_17_x86_64.manylinux2014_x86_64.whl.metadata (11 kB)
Collecting joblib<2.0.0,>=1.1.0 (from -r /home/ubuntu/MIAD_DSA_rotacion_cultivos/Empaquetamiento2/requirements/requirements.txt (line 7))
  Using cached joblib-1.3.2-py3-none-any.whl.metadata (5.4 kB)
Collecting pydantic<2.0.0,>=1.10.0 (from -r /home/ubuntu/MIAD_DSA_rotacion_cultivos/Empaquetamiento2/requirements/requirements.txt (line 8))
  Using cached pydantic-1.10.13-cp310-cp310-manylinux_2_17_x86_64.manylinux2014_x86_64.whl.metadata (149 kB)
Collecting strictyaml<2.0.0,>=1.7.0 (from -r /home/ubuntu/MIAD_DSA_rotacion_cultivos/Empaquetamiento2/requirements/requirements.txt (line 9))
  Using cached strictyaml-1.7.3-py3-none-any.whl (123 kB)
Collecting feature-engine<2.0.0,>=1.6.1 (from -r /home/ubuntu/MIAD_DSA_rotacion_cultivos/Empaquetamiento2/requirements/requirements.txt (line 10))
  Using cached feature_engine-1.6.2-py2.py3-none-any.whl.metadata (8.8 kB)
Collecting pytest<8.0.0,>=7.4.2 (from -r /home/ubuntu/MIAD_DSA_rotacion_cultivos/Empaquetamiento2/requirements/test_requirements.txt (line 4))
  Using cached pytest-7.4.3-py3-none-any.whl.metadata (7.9 kB)
Collecting python-dateutil>=2.8.2 (from pandas<3.0.0,>=2.0.0->-r /home/ubuntu/MIAD_DSA_rotacion_cultivos/Empaquetamiento2/requirements/requirements.txt (line 5))
  Using cached python_dateutil-2.8.2-py2.py3-none-any.whl (247 kB)
Collecting pytz>=2020.1 (from pandas<3.0.0,>=2.0.0->-r /home/ubuntu/MIAD_DSA_rotacion_cultivos/Empaquetamiento2/requirements/requirements.txt (line 5))
  Using cached pytz-2023.3.post1-py2.py3-none-any.whl.metadata (22 kB)
Collecting tzdata>=2022.1 (from pandas<3.0.0,>=2.0.0->-r /home/ubuntu/MIAD_DSA_rotacion_cultivos/Empaquetamiento2/requirements/requirements.txt (line 5))
  Using cached tzdata-2023.3-py2.py3-none-any.whl (341 kB)
Collecting scipy>=1.5.0 (from scikit-learn<2.0.0,>=1.3.2->-r /home/ubuntu/MIAD_DSA_rotacion_cultivos/Empaquetamiento2/requirements/requirements.txt (line 6))
  Using cached scipy-1.11.4-cp310-cp310-manylinux_2_17_x86_64.manylinux2014_x86_64.whl.metadata (60 kB)
Collecting threadpoolctl>=2.0.0 (from scikit-learn<2.0.0,>=1.3.2->-r /home/ubuntu/MIAD_DSA_rotacion_cultivos/Empaquetamiento2/requirements/requirements.txt (line 6))
  Using cached threadpoolctl-3.2.0-py3-none-any.whl.metadata (10.0 kB)
Collecting typing-extensions>=4.2.0 (from pydantic<2.0.0,>=1.10.0->-r /home/ubuntu/MIAD_DSA_rotacion_cultivos/Empaquetamiento2/requirements/requirements.txt (line 8))
  Using cached typing_extensions-4.8.0-py3-none-any.whl.metadata (3.0 kB)
Collecting statsmodels>=0.11.1 (from feature-engine<2.0.0,>=1.6.1->-r /home/ubuntu/MIAD_DSA_rotacion_cultivos/Empaquetamiento2/requirements/requirements.txt (line 10))
  Using cached statsmodels-0.14.0-cp310-cp310-manylinux_2_17_x86_64.manylinux2014_x86_64.whl (10.1 MB)
Collecting iniconfig (from pytest<8.0.0,>=7.4.2->-r /home/ubuntu/MIAD_DSA_rotacion_cultivos/Empaquetamiento2/requirements/test_requirements.txt (line 4))
  Using cached iniconfig-2.0.0-py3-none-any.whl (5.9 kB)
Collecting packaging (from pytest<8.0.0,>=7.4.2->-r /home/ubuntu/MIAD_DSA_rotacion_cultivos/Empaquetamiento2/requirements/test_requirements.txt (line 4))
  Using cached packaging-23.2-py3-none-any.whl.metadata (3.2 kB)
Collecting pluggy<2.0,>=0.12 (from pytest<8.0.0,>=7.4.2->-r /home/ubuntu/MIAD_DSA_rotacion_cultivos/Empaquetamiento2/requirements/test_requirements.txt (line 4))
  Using cached pluggy-1.3.0-py3-none-any.whl.metadata (4.3 kB)
Collecting exceptiongroup>=1.0.0rc8 (from pytest<8.0.0,>=7.4.2->-r /home/ubuntu/MIAD_DSA_rotacion_cultivos/Empaquetamiento2/requirements/test_requirements.txt (line 4))
  Using cached exceptiongroup-1.2.0-py3-none-any.whl.metadata (6.6 kB)
Collecting tomli>=1.0.0 (from pytest<8.0.0,>=7.4.2->-r /home/ubuntu/MIAD_DSA_rotacion_cultivos/Empaquetamiento2/requirements/test_requirements.txt (line 4))
  Using cached tomli-2.0.1-py3-none-any.whl (12 kB)
Collecting six>=1.5 (from python-dateutil>=2.8.2->pandas<3.0.0,>=2.0.0->-r /home/ubuntu/MIAD_DSA_rotacion_cultivos/Empaquetamiento2/requirements/requirements.txt (line 5))
  Using cached six-1.16.0-py2.py3-none-any.whl (11 kB)
Collecting patsy>=0.5.2 (from statsmodels>=0.11.1->feature-engine<2.0.0,>=1.6.1->-r /home/ubuntu/MIAD_DSA_rotacion_cultivos/Empaquetamiento2/requirements/requirements.txt (line 10))
  Using cached patsy-0.5.3-py2.py3-none-any.whl (233 kB)
Using cached numpy-1.26.2-cp310-cp310-manylinux_2_17_x86_64.manylinux2014_x86_64.whl (18.2 MB)
Using cached pandas-2.1.3-cp310-cp310-manylinux_2_17_x86_64.manylinux2014_x86_64.whl (12.3 MB)
Using cached scikit_learn-1.3.2-cp310-cp310-manylinux_2_17_x86_64.manylinux2014_x86_64.whl (10.8 MB)
Using cached joblib-1.3.2-py3-none-any.whl (302 kB)
Using cached pydantic-1.10.13-cp310-cp310-manylinux_2_17_x86_64.manylinux2014_x86_64.whl (3.1 MB)
Using cached feature_engine-1.6.2-py2.py3-none-any.whl (328 kB)
Using cached pytest-7.4.3-py3-none-any.whl (325 kB)
Using cached exceptiongroup-1.2.0-py3-none-any.whl (16 kB)
Using cached pluggy-1.3.0-py3-none-any.whl (18 kB)
Using cached pytz-2023.3.post1-py2.py3-none-any.whl (502 kB)
Using cached scipy-1.11.4-cp310-cp310-manylinux_2_17_x86_64.manylinux2014_x86_64.whl (36.4 MB)
Using cached packaging-23.2-py3-none-any.whl (53 kB)
Using cached threadpoolctl-3.2.0-py3-none-any.whl (15 kB)
Using cached typing_extensions-4.8.0-py3-none-any.whl (31 kB)
Installing collected packages: pytz, tzdata, typing-extensions, tomli, threadpoolctl, six, pluggy, packaging, numpy, joblib, iniconfig, exceptiongroup, scipy, python-dateutil, pytest, pydantic, patsy, strictyaml, scikit-learn, pandas, statsmodels, feature-engine
Successfully installed exceptiongroup-1.2.0 feature-engine-1.6.2 iniconfig-2.0.0 joblib-1.3.2 numpy-1.26.2 packaging-23.2 pandas-2.1.3 patsy-0.5.3 pluggy-1.3.0 pydantic-1.10.13 pytest-7.4.3 python-dateutil-2.8.2 pytz-2023.3.post1 scikit-learn-1.3.2 scipy-1.11.4 six-1.16.0 statsmodels-0.14.0 strictyaml-1.7.3 threadpoolctl-3.2.0 tomli-2.0.1 typing-extensions-4.8.0 tzdata-2023.3
